<?xml version="1.0" encoding="UTF-8"?>
<!-- Generated by org.testng.reporters.JUnitReportReporter -->
<testsuite hostname="DESKTOP-NN34ISK" failures="0" tests="1" name="com.netbanktest.testcases.TC1_Loginpage_Test" time="18.501" errors="0" timestamp="2023-02-22T14:21:34 EST" skipped="0">
  <testcase classname="com.netbanktest.testcases.TC1_Loginpage_Test" name="loginTest" time="18.501"/>
  <system-out/>
</testsuite> <!-- com.netbanktest.testcases.TC1_Loginpage_Test -->
