<?xml version="1.0" encoding="UTF-8"?>
<!-- Generated by org.testng.reporters.JUnitReportReporter -->
<testsuite hostname="Bala" failures="0" tests="1" name="com.netbanktest.testcases.TC1_Loginpage_Test" time="2.319" errors="0" timestamp="2023-02-21T15:59:07 EST" skipped="0">
  <testcase classname="com.netbanktest.testcases.TC1_Loginpage_Test" name="loginTest" time="2.319"/>
  <system-out/>
</testsuite> <!-- com.netbanktest.testcases.TC1_Loginpage_Test -->
